{
  "Cucumber Features": {
    "coverage": {
    },
    "timestamp": 1444246954
  },
  "RSpec": {
    "coverage": {
      "D:/Personal/CSCE 606 Software engineering/bdd-tdd-cycle/rottenpotatoes/app/controllers/application_controller.rb": [
        1,
        1,
        null
      ],
      "D:/Personal/CSCE 606 Software engineering/bdd-tdd-cycle/rottenpotatoes/app/helpers/application_helper.rb": [
        1,
        null
      ],
      "D:/Personal/CSCE 606 Software engineering/bdd-tdd-cycle/rottenpotatoes/app/helpers/movies_helper.rb": [
        1,
        null,
        1,
        0,
        null,
        null
      ],
      "D:/Personal/CSCE 606 Software engineering/bdd-tdd-cycle/rottenpotatoes/app/controllers/movies_controller.rb": [
        1,
        null,
        1,
        0,
        0,
        null,
        null,
        null,
        1,
        0,
        0,
        0,
        0,
        0,
        null,
        0,
        null,
        null,
        null,
        null,
        1,
        0,
        0,
        null,
        0,
        null,
        0,
        null,
        0,
        0,
        null,
        0,
        0,
        null,
        null,
        0,
        0,
        0,
        0,
        null,
        null,
        0,
        0,
        0,
        0,
        0,
        null,
        0,
        null,
        0,
        0,
        null,
        0,
        null,
        null,
        null,
        1,
        null,
        null,
        null,
        1,
        0,
        0,
        0,
        null,
        null,
        1,
        0,
        null,
        null,
        1,
        0,
        0,
        0,
        0,
        null,
        null,
        1,
        0,
        0,
        0,
        0,
        null,
        null,
        null
      ],
      "D:/Personal/CSCE 606 Software engineering/bdd-tdd-cycle/rottenpotatoes/app/models/movie.rb": [
        1,
        null,
        1,
        null,
        1,
        0,
        null,
        null,
        null
      ]
    },
    "timestamp": 1444246739
  }
}
